<?xml version="1.0" encoding="UTF-8"?>
<testng-results ignored="0" total="1" passed="1" failed="0" skipped="0">
  <reporter-output>
  </reporter-output>
  <suite started-at="2021-12-15T18:38:46 IST" name="Suite" finished-at="2021-12-15T18:39:12 IST" duration-ms="25790">
    <groups>
    </groups>
    <test started-at="2021-12-15T18:38:46 IST" name="Test" finished-at="2021-12-15T18:39:12 IST" duration-ms="25790">
      <class name="suite.TestCase_MENtab">
        <test-method is-config="true" signature="launchBrowser(java.lang.String)[pri:0, instance:suite.TestCase_MENtab@50b472aa]" started-at="2021-12-15T18:38:46 IST" name="launchBrowser" finished-at="2021-12-15T18:38:48 IST" duration-ms="1938" status="PASS">
          <params>
            <param index="0">
              <value>
                <![CDATA[CH]]>
              </value>
            </param>
          </params>
          <reporter-output>
          </reporter-output>
        </test-method> <!-- launchBrowser -->
        <test-method signature="menTab()[pri:0, instance:suite.TestCase_MENtab@50b472aa]" started-at="2021-12-15T18:38:48 IST" name="menTab" finished-at="2021-12-15T18:39:09 IST" duration-ms="20568" status="PASS">
          <reporter-output>
          </reporter-output>
        </test-method> <!-- menTab -->
        <test-method is-config="true" signature="closeBrowser()[pri:0, instance:suite.TestCase_MENtab@50b472aa]" started-at="2021-12-15T18:39:09 IST" name="closeBrowser" finished-at="2021-12-15T18:39:12 IST" duration-ms="3248" status="PASS">
          <reporter-output>
          </reporter-output>
        </test-method> <!-- closeBrowser -->
      </class> <!-- suite.TestCase_MENtab -->
    </test> <!-- Test -->
  </suite> <!-- Suite -->
</testng-results>
